Arguments: 
  /usr/local/bin/node /usr/local/bin/yarn add --dev babel-cli babel-core babel-loader babel-preset-env babel-prest-react babel-preset-stage-3 webpack webpack-cli webpack-dev-server

PATH: 
  /usr/local/lib/nodejs/node-v8.9.4/bin:/usr/local/sbin:/usr/local/bin:/usr/sbin:/usr/bin:/sbin:/bin:/usr/games:/usr/local/games:/snap/bin

Yarn version: 
  1.5.1

Node version: 
  10.5.0

Platform: 
  linux x64

npm manifest: 
  {
    "name": "getIT",
    "version": "1.0.0",
    "main": "index.js",
    "author": "klochkovS <fluurr@gmail.com>",
    "license": "MIT",
    "devDependencies": {
      "eslint": "^4.19.1",
      "eslint-config-airbnb": "^17.0.0",
      "eslint-plugin-import": "^2.13.0",
      "eslint-plugin-jsx-a11y": "^6.1.0",
      "eslint-plugin-react": "^7.10.0"
    }
  }

yarn manifest: 
  No manifest

Lockfile: 
  No lockfile

Trace: 
  Error: https://registry.yarnpkg.com/babel-prest-react: Not found
      at Request.params.callback [as _callback] (/usr/local/lib/node_modules/yarn/lib/cli.js:65019:18)
      at Request.self.callback (/usr/local/lib/node_modules/yarn/lib/cli.js:132430:22)
      at Request.emit (events.js:182:13)
      at Request.<anonymous> (/usr/local/lib/node_modules/yarn/lib/cli.js:133413:10)
      at Request.emit (events.js:182:13)
      at IncomingMessage.<anonymous> (/usr/local/lib/node_modules/yarn/lib/cli.js:133333:12)
      at Object.onceWrapper (events.js:273:13)
      at IncomingMessage.emit (events.js:187:15)
      at endReadableNT (_stream_readable.js:1081:12)
      at process._tickCallback (internal/process/next_tick.js:63:19)
